{"/Users/ayushgupta/react-native-wake-alarm/src/index.ts": {"path":"/Users/ayushgupta/react-native-wake-alarm/src/index.ts","statementMap":{},"fnMap":{},"branchMap":{},"s":{},"f":{},"b":{}}
,"/Users/ayushgupta/react-native-wake-alarm/src/types.ts": {"path":"/Users/ayushgupta/react-native-wake-alarm/src/types.ts","statementMap":{},"fnMap":{},"branchMap":{},"s":{},"f":{},"b":{}}
,"/Users/ayushgupta/react-native-wake-alarm/src/validate.ts": {"path":"/Users/ayushgupta/react-native-wake-alarm/src/validate.ts","statementMap":{"0":{"start":{"line":4,"column":35},"end":{"line":4,"column":42}},"1":{"start":{"line":5,"column":20},"end":{"line":5,"column":25}},"2":{"start":{"line":6,"column":20},"end":{"line":6,"column":29}},"3":{"start":{"line":7,"column":19},"end":{"line":7,"column":43}},"4":{"start":{"line":10,"column":18},"end":{"line":10,"column":42}},"5":{"start":{"line":15,"column":4},"end":{"line":15,"column":34}},"6":{"start":{"line":16,"column":4},"end":{"line":16,"column":38}},"7":{"start":{"line":20,"column":14},"end":{"line":21,"column":68}},"8":{"start":{"line":21,"column":2},"end":{"line":21,"column":68}},"9":{"start":{"line":24,"column":2},"end":{"line":26,"column":3}},"10":{"start":{"line":25,"column":4},"end":{"line":25,"column":79}},"11":{"start":{"line":27,"column":2},"end":{"line":28,"column":69}},"12":{"start":{"line":28,"column":4},"end":{"line":28,"column":69}},"13":{"start":{"line":29,"column":2},"end":{"line":30,"column":71}},"14":{"start":{"line":30,"column":4},"end":{"line":30,"column":71}},"15":{"start":{"line":31,"column":2},"end":{"line":33,"column":3}},"16":{"start":{"line":32,"column":4},"end":{"line":32,"column":73}},"17":{"start":{"line":34,"column":15},"end":{"line":34,"column":31}},"18":{"start":{"line":35,"column":2},"end":{"line":37,"column":3}},"19":{"start":{"line":35,"column":47},"end":{"line":35,"column":62}},"20":{"start":{"line":36,"column":4},"end":{"line":36,"column":70}},"21":{"start":{"line":38,"column":18},"end":{"line":38,"column":37}},"22":{"start":{"line":39,"column":2},"end":{"line":41,"column":3}},"23":{"start":{"line":39,"column":41},"end":{"line":39,"column":62}},"24":{"start":{"line":40,"column":4},"end":{"line":40,"column":71}},"25":{"start":{"line":42,"column":20},"end":{"line":42,"column":58}},"26":{"start":{"line":43,"column":2},"end":{"line":48,"column":3}},"27":{"start":{"line":44,"column":4},"end":{"line":47,"column":6}},"28":{"start":{"line":49,"column":24},"end":{"line":53,"column":3}},"29":{"start":{"line":52,"column":18},"end":{"line":52,"column":43}},"30":{"start":{"line":54,"column":2},"end":{"line":64,"column":4}},"31":{"start":{"line":58,"column":57},"end":{"line":58,"column":62}}},"fnMap":{"0":{"name":"(anonymous_0)","decl":{"start":{"line":11,"column":2},"end":{"line":11,"column":3}},"loc":{"start":{"line":14,"column":4},"end":{"line":17,"column":3}},"line":14},"1":{"name":"(anonymous_1)","decl":{"start":{"line":20,"column":14},"end":{"line":20,"column":15}},"loc":{"start":{"line":21,"column":2},"end":{"line":21,"column":68}},"line":21},"2":{"name":"validateAlarmInput","decl":{"start":{"line":23,"column":16},"end":{"line":23,"column":34}},"loc":{"start":{"line":23,"column":72},"end":{"line":65,"column":1}},"line":23},"3":{"name":"(anonymous_3)","decl":{"start":{"line":35,"column":40},"end":{"line":35,"column":41}},"loc":{"start":{"line":35,"column":47},"end":{"line":35,"column":62}},"line":35},"4":{"name":"(anonymous_4)","decl":{"start":{"line":39,"column":34},"end":{"line":39,"column":35}},"loc":{"start":{"line":39,"column":41},"end":{"line":39,"column":62}},"line":39},"5":{"name":"(anonymous_5)","decl":{"start":{"line":52,"column":11},"end":{"line":52,"column":12}},"loc":{"start":{"line":52,"column":18},"end":{"line":52,"column":43}},"line":52},"6":{"name":"(anonymous_6)","decl":{"start":{"line":58,"column":47},"end":{"line":58,"column":48}},"loc":{"start":{"line":58,"column":57},"end":{"line":58,"column":62}},"line":58}},"branchMap":{"0":{"loc":{"start":{"line":21,"column":2},"end":{"line":21,"column":68}},"type":"binary-expr","locations":[{"start":{"line":21,"column":2},"end":{"line":21,"column":23}},{"start":{"line":21,"column":27},"end":{"line":21,"column":46}},{"start":{"line":21,"column":50},"end":{"line":21,"column":57}},{"start":{"line":21,"column":61},"end":{"line":21,"column":68}}],"line":21},"1":{"loc":{"start":{"line":24,"column":2},"end":{"line":26,"column":3}},"type":"if","locations":[{"start":{"line":24,"column":2},"end":{"line":26,"column":3}},{"start":{},"end":{}}],"line":24},"2":{"loc":{"start":{"line":24,"column":6},"end":{"line":24,"column":64}},"type":"binary-expr","locations":[{"start":{"line":24,"column":6},"end":{"line":24,"column":34}},{"start":{"line":24,"column":38},"end":{"line":24,"column":64}}],"line":24},"3":{"loc":{"start":{"line":27,"column":2},"end":{"line":28,"column":69}},"type":"if","locations":[{"start":{"line":27,"column":2},"end":{"line":28,"column":69}},{"start":{},"end":{}}],"line":27},"4":{"loc":{"start":{"line":29,"column":2},"end":{"line":30,"column":71}},"type":"if","locations":[{"start":{"line":29,"column":2},"end":{"line":30,"column":71}},{"start":{},"end":{}}],"line":29},"5":{"loc":{"start":{"line":31,"column":2},"end":{"line":33,"column":3}},"type":"if","locations":[{"start":{"line":31,"column":2},"end":{"line":33,"column":3}},{"start":{},"end":{}}],"line":31},"6":{"loc":{"start":{"line":31,"column":6},"end":{"line":31,"column":65}},"type":"binary-expr","locations":[{"start":{"line":31,"column":6},"end":{"line":31,"column":37}},{"start":{"line":31,"column":41},"end":{"line":31,"column":65}}],"line":31},"7":{"loc":{"start":{"line":34,"column":15},"end":{"line":34,"column":31}},"type":"binary-expr","locations":[{"start":{"line":34,"column":15},"end":{"line":34,"column":25}},{"start":{"line":34,"column":29},"end":{"line":34,"column":31}}],"line":34},"8":{"loc":{"start":{"line":35,"column":2},"end":{"line":37,"column":3}},"type":"if","locations":[{"start":{"line":35,"column":2},"end":{"line":37,"column":3}},{"start":{},"end":{}}],"line":35},"9":{"loc":{"start":{"line":35,"column":6},"end":{"line":35,"column":63}},"type":"binary-expr","locations":[{"start":{"line":35,"column":6},"end":{"line":35,"column":26}},{"start":{"line":35,"column":30},"end":{"line":35,"column":63}}],"line":35},"10":{"loc":{"start":{"line":38,"column":18},"end":{"line":38,"column":37}},"type":"binary-expr","locations":[{"start":{"line":38,"column":18},"end":{"line":38,"column":31}},{"start":{"line":38,"column":35},"end":{"line":38,"column":37}}],"line":38},"11":{"loc":{"start":{"line":39,"column":2},"end":{"line":41,"column":3}},"type":"if","locations":[{"start":{"line":39,"column":2},"end":{"line":41,"column":3}},{"start":{},"end":{}}],"line":39},"12":{"loc":{"start":{"line":42,"column":20},"end":{"line":42,"column":58}},"type":"binary-expr","locations":[{"start":{"line":42,"column":20},"end":{"line":42,"column":35}},{"start":{"line":42,"column":39},"end":{"line":42,"column":58}}],"line":42},"13":{"loc":{"start":{"line":43,"column":2},"end":{"line":48,"column":3}},"type":"if","locations":[{"start":{"line":43,"column":2},"end":{"line":48,"column":3}},{"start":{},"end":{}}],"line":43},"14":{"loc":{"start":{"line":60,"column":10},"end":{"line":60,"column":26}},"type":"binary-expr","locations":[{"start":{"line":60,"column":10},"end":{"line":60,"column":20}},{"start":{"line":60,"column":24},"end":{"line":60,"column":26}}],"line":60},"15":{"loc":{"start":{"line":61,"column":11},"end":{"line":61,"column":28}},"type":"binary-expr","locations":[{"start":{"line":61,"column":11},"end":{"line":61,"column":22}},{"start":{"line":61,"column":26},"end":{"line":61,"column":28}}],"line":61}},"s":{"0":1,"1":1,"2":1,"3":1,"4":24,"5":24,"6":24,"7":1,"8":53,"9":27,"10":6,"11":21,"12":4,"13":17,"14":2,"15":15,"16":2,"17":13,"18":13,"19":8,"20":4,"21":9,"22":9,"23":4,"24":2,"25":7,"26":7,"27":4,"28":3,"29":2,"30":3,"31":4},"f":{"0":24,"1":53,"2":27,"3":8,"4":4,"5":2,"6":4},"b":{"0":[53,53,51,45],"1":[6,21],"2":[27,27],"3":[4,17],"4":[2,15],"5":[2,13],"6":[15,15],"7":[13,8],"8":[4,9],"9":[13,13],"10":[9,6],"11":[2,7],"12":[7,2],"13":[4,3],"14":[3,2],"15":[3,2]},"_coverageSchema":"1a1c01bbd47fc00a2c39e90264f33305004495a9","hash":"49c6b798071dcaa3a5808ddd7d3c76c5b8c201f5"}
}
