TN:
SF:src/index.ts
FNF:0
FNH:0
LF:0
LH:0
BRF:0
BRH:0
end_of_record
TN:
SF:src/types.ts
FNF:0
FNH:0
LF:0
LH:0
BRF:0
BRH:0
end_of_record
TN:
SF:src/validate.ts
FN:11,(anonymous_0)
FN:20,(anonymous_1)
FN:23,validateAlarmInput
FN:35,(anonymous_3)
FN:39,(anonymous_4)
FN:52,(anonymous_5)
FN:58,(anonymous_6)
FNF:7
FNH:7
FNDA:24,(anonymous_0)
FNDA:53,(anonymous_1)
FNDA:27,validateAlarmInput
FNDA:8,(anonymous_3)
FNDA:4,(anonymous_4)
FNDA:2,(anonymous_5)
FNDA:4,(anonymous_6)
DA:4,1
DA:5,1
DA:6,1
DA:7,1
DA:10,24
DA:15,24
DA:16,24
DA:20,1
DA:21,53
DA:24,27
DA:25,6
DA:27,21
DA:28,4
DA:29,17
DA:30,2
DA:31,15
DA:32,2
DA:34,13
DA:35,13
DA:36,4
DA:38,9
DA:39,9
DA:40,2
DA:42,7
DA:43,7
DA:44,4
DA:49,3
DA:52,2
DA:54,3
DA:58,4
LF:30
LH:30
BRDA:21,0,0,53
BRDA:21,0,1,53
BRDA:21,0,2,51
BRDA:21,0,3,45
BRDA:24,1,0,6
BRDA:24,1,1,21
BRDA:24,2,0,27
BRDA:24,2,1,27
BRDA:27,3,0,4
BRDA:27,3,1,17
BRDA:29,4,0,2
BRDA:29,4,1,15
BRDA:31,5,0,2
BRDA:31,5,1,13
BRDA:31,6,0,15
BRDA:31,6,1,15
BRDA:34,7,0,13
BRDA:34,7,1,8
BRDA:35,8,0,4
BRDA:35,8,1,9
BRDA:35,9,0,13
BRDA:35,9,1,13
BRDA:38,10,0,9
BRDA:38,10,1,6
BRDA:39,11,0,2
BRDA:39,11,1,7
BRDA:42,12,0,7
BRDA:42,12,1,2
BRDA:43,13,0,4
BRDA:43,13,1,3
BRDA:60,14,0,3
BRDA:60,14,1,2
BRDA:61,15,0,3
BRDA:61,15,1,2
BRF:34
BRH:34
end_of_record
